This file contains any messages produced by compilers while
running configure, to aid debugging if configure makes a mistake.

It was created by GNU tar configure 1.17, which was
generated by GNU Autoconf 2.60.  Invocation command line was

  $ ./configure 

## --------- ##
## Platform. ##
## --------- ##

hostname = DESKTOP-TORD243
uname -m = x86_64
uname -r = 20.6.0
uname -s = Darwin
uname -v = Darwin Kernel Version 20.6.0

/usr/bin/uname -p = i386
/bin/uname -X     = unknown

/bin/arch              = unknown
/usr/bin/arch -k       = unknown
/usr/convex/getsysinfo = unknown
/usr/bin/hostinfo      = Mach kernel version:
	 Darling 11.5
Kernel configured for up to 4 processors.
4 processors are physically available.
4 processors are logically available.
Processor type: i386 (Intel 80x86)
Processors active: 0 1 2 3
Primary memory available: 3.83 gigabytes
Default processor set: 13 tasks, 18 threads, 4 processors
Load average: 0.00, Mach factor: 0.00
/bin/machine           = unknown
/usr/bin/oslevel       = unknown
/bin/universe          = unknown

PATH: /usr/local/bin
PATH: /usr/local/sbin
PATH: .
PATH: /Applications/Xcode.app/Contents/Developer/usr/bin
PATH: .
PATH: /Applications/CMake.app/Contents/bin
PATH: .
PATH: /Applications/Xcode.app/Contents/Developer/Toolchains/XcodeDefault.xctoolchain/usr/bin
PATH: /usr/local/bin
PATH: /usr/bin
PATH: /bin
PATH: /usr/sbin
PATH: /sbin
PATH: /usr/appleinternal/bin
PATH: /private/var/tanuki


## ----------- ##
## Core tests. ##
## ----------- ##

configure:2114: checking for a BSD-compatible install
configure:2170: result: /usr/bin/install -c
configure:2181: checking whether build environment is sane
configure:2224: result: yes
configure:2252: checking for a thread-safe mkdir -p
configure:2291: result: build-aux/install-sh -c -d
configure:2304: checking for gawk
configure:2334: result: no
configure:2304: checking for mawk
configure:2334: result: no
configure:2304: checking for nawk
configure:2334: result: no
configure:2304: checking for awk
configure:2320: found /usr/bin/awk
configure:2331: result: awk
configure:2342: checking whether make sets $(MAKE)
configure:2363: result: yes
configure:2546: checking how to create a ustar tar archive
configure:2559: tar --version
bsdtar 3.3.2 - libarchive 3.3.2 zlib/1.2.11 liblzma/5.2.2 bz2lib/1.0.6
configure:2562: $? = 0
configure:2602: tardir=conftest.dir && eval tar --format=ustar -chf - "$tardir" >conftest.tar

## ---------------- ##
## Cache variables. ##
## ---------------- ##

ac_cv_env_CC_set=
ac_cv_env_CC_value=
ac_cv_env_CFLAGS_set=
ac_cv_env_CFLAGS_value=
ac_cv_env_CPPFLAGS_set=
ac_cv_env_CPPFLAGS_value=
ac_cv_env_CPP_set=
ac_cv_env_CPP_value=
ac_cv_env_DEFAULT_ARCHIVE_FORMAT_set=
ac_cv_env_DEFAULT_ARCHIVE_FORMAT_value=
ac_cv_env_DEFAULT_ARCHIVE_set=
ac_cv_env_DEFAULT_ARCHIVE_value=
ac_cv_env_DEFAULT_BLOCKING_set=
ac_cv_env_DEFAULT_BLOCKING_value=
ac_cv_env_DEFAULT_QUOTING_STYLE_set=
ac_cv_env_DEFAULT_QUOTING_STYLE_value=
ac_cv_env_DEFAULT_RMT_DIR_set=
ac_cv_env_DEFAULT_RMT_DIR_value=
ac_cv_env_LDFLAGS_set=
ac_cv_env_LDFLAGS_value=
ac_cv_env_YACC_set=
ac_cv_env_YACC_value=
ac_cv_env_YFLAGS_set=
ac_cv_env_YFLAGS_value=
ac_cv_env_build_alias_set=
ac_cv_env_build_alias_value=
ac_cv_env_host_alias_set=
ac_cv_env_host_alias_value=
ac_cv_env_target_alias_set=
ac_cv_env_target_alias_value=
ac_cv_path_install='/usr/bin/install -c'
ac_cv_prog_AWK=awk
ac_cv_prog_make_make_set=yes

## ----------------- ##
## Output variables. ##
## ----------------- ##

ABSOLUTE_DIRENT_H=''
ABSOLUTE_FCNTL_H=''
ABSOLUTE_FLOAT_H=''
ABSOLUTE_INTTYPES_H=''
ABSOLUTE_STDINT_H=''
ABSOLUTE_STDIO_H=''
ABSOLUTE_STDLIB_H=''
ABSOLUTE_STRING_H=''
ABSOLUTE_SYSEXITS_H=''
ABSOLUTE_SYS_STAT_H=''
ABSOLUTE_SYS_TIME_H=''
ABSOLUTE_TIME_H=''
ABSOLUTE_UNISTD_H=''
ABSOLUTE_WCHAR_H=''
ABSOLUTE_WCTYPE_H=''
ACLOCAL='${SHELL} /Users/robot24/darling-gnutar/gnutar/build-aux/missing --run aclocal-1.10a'
ALLOCA=''
ALLOCA_H=''
AMDEPBACKSLASH=''
AMDEP_FALSE=''
AMDEP_TRUE=''
AMTAR='${SHELL} /Users/robot24/darling-gnutar/gnutar/build-aux/missing --run tar'
AUTOCONF='${SHELL} /Users/robot24/darling-gnutar/gnutar/build-aux/missing --run autoconf'
AUTOHEADER='${SHELL} /Users/robot24/darling-gnutar/gnutar/build-aux/missing --run autoheader'
AUTOM4TE=''
AUTOMAKE='${SHELL} /Users/robot24/darling-gnutar/gnutar/build-aux/missing --run automake-1.10a'
AWK='awk'
BACKUP_LIBEXEC_SCRIPTS=''
BACKUP_SBIN_SCRIPTS=''
BACKUP_SED_COND=''
BITSIZEOF_PTRDIFF_T=''
BITSIZEOF_SIG_ATOMIC_T=''
BITSIZEOF_SIZE_T=''
BITSIZEOF_WCHAR_T=''
BITSIZEOF_WINT_T=''
CC=''
CCDEPMODE=''
CFLAGS=''
CPP=''
CPPFLAGS=''
CYGPATH_W='echo'
DEFAULT_ARCHIVE=''
DEFAULT_ARCHIVE_FORMAT=''
DEFAULT_BLOCKING=''
DEFAULT_QUOTING_STYLE=''
DEFAULT_RMT_COMMAND=''
DEFAULT_RMT_DIR=''
DEFS=''
DEPDIR=''
DIRENT_H=''
ECHO_C='ECHO_N=''
ECHO_T=''
EGREP=''
EOVERFLOW=''
EXEEXT=''
FCNTL_H=''
FLOAT_H=''
FNMATCH_H=''
GETOPT_H=''
GLIBC21=''
GL_COND_LIBTOOL_FALSE=''
GL_COND_LIBTOOL_TRUE=''
GMSGFMT=''
GMSGFMT_015=''
GNULIB_CHOWN=''
GNULIB_DUP2=''
GNULIB_FCHDIR=''
GNULIB_FFLUSH=''
GNULIB_FPRINTF_POSIX=''
GNULIB_FSEEK=''
GNULIB_FSEEKO=''
GNULIB_FTELL=''
GNULIB_FTELLO=''
GNULIB_FTRUNCATE=''
GNULIB_GETCWD=''
GNULIB_GETLOGIN_R=''
GNULIB_GETSUBOPT=''
GNULIB_IMAXABS=''
GNULIB_IMAXDIV=''
GNULIB_LSEEK=''
GNULIB_MBSCASECMP=''
GNULIB_MBSCASESTR=''
GNULIB_MBSCHR=''
GNULIB_MBSCSPN=''
GNULIB_MBSLEN=''
GNULIB_MBSNCASECMP=''
GNULIB_MBSPBRK=''
GNULIB_MBSPCASECMP=''
GNULIB_MBSRCHR=''
GNULIB_MBSSEP=''
GNULIB_MBSSPN=''
GNULIB_MBSSTR=''
GNULIB_MBSTOK_R=''
GNULIB_MEMMEM=''
GNULIB_MEMPCPY=''
GNULIB_MEMRCHR=''
GNULIB_MKDTEMP=''
GNULIB_MKSTEMP=''
GNULIB_PRINTF_POSIX=''
GNULIB_READLINK=''
GNULIB_SLEEP=''
GNULIB_SNPRINTF=''
GNULIB_SPRINTF_POSIX=''
GNULIB_STPCPY=''
GNULIB_STPNCPY=''
GNULIB_STRCASESTR=''
GNULIB_STRCHRNUL=''
GNULIB_STRDUP=''
GNULIB_STRNDUP=''
GNULIB_STRNLEN=''
GNULIB_STRPBRK=''
GNULIB_STRSEP=''
GNULIB_STRTOIMAX=''
GNULIB_STRTOK_R=''
GNULIB_STRTOUMAX=''
GNULIB_VASPRINTF=''
GNULIB_VFPRINTF_POSIX=''
GNULIB_VPRINTF_POSIX=''
GNULIB_VSNPRINTF=''
GNULIB_VSPRINTF_POSIX=''
GREP=''
HAVE_DECL_GETLOGIN_R=''
HAVE_DECL_IMAXABS=''
HAVE_DECL_IMAXDIV=''
HAVE_DECL_MEMMEM=''
HAVE_DECL_MEMRCHR=''
HAVE_DECL_MKDIR=''
HAVE_DECL_SNPRINTF=''
HAVE_DECL_STRDUP=''
HAVE_DECL_STRNCASECMP=''
HAVE_DECL_STRNDUP=''
HAVE_DECL_STRNLEN=''
HAVE_DECL_STRTOIMAX=''
HAVE_DECL_STRTOK_R=''
HAVE_DECL_STRTOUMAX=''
HAVE_DECL_VSNPRINTF=''
HAVE_DUP2=''
HAVE_FSEEKO=''
HAVE_FTELLO=''
HAVE_FTRUNCATE=''
HAVE_GETSUBOPT=''
HAVE_INTTYPES_H=''
HAVE_IO_H=''
HAVE_ISWCNTRL=''
HAVE_LONG_LONG_INT=''
HAVE_LSTAT=''
HAVE_MEMPCPY=''
HAVE_MKDTEMP=''
HAVE_READLINK=''
HAVE_SIGNED_SIG_ATOMIC_T=''
HAVE_SIGNED_WCHAR_T=''
HAVE_SIGNED_WINT_T=''
HAVE_SLEEP=''
HAVE_STDINT_H=''
HAVE_STPCPY=''
HAVE_STPNCPY=''
HAVE_STRCASECMP=''
HAVE_STRCASESTR=''
HAVE_STRCHRNUL=''
HAVE_STRNDUP=''
HAVE_STRPBRK=''
HAVE_STRSEP=''
HAVE_STRUCT_TIMEVAL=''
HAVE_SYSEXITS_H=''
HAVE_SYS_BITYPES_H=''
HAVE_SYS_INTTYPES_H=''
HAVE_SYS_TIME_H=''
HAVE_SYS_TYPES_H=''
HAVE_UNISTD_H=''
HAVE_UNSIGNED_LONG_LONG_INT=''
HAVE_VASPRINTF=''
HAVE_WCTYPE_H=''
HAVE_WINT_T=''
HAVE__BOOL=''
INSTALL_DATA='${INSTALL} -m 644'
INSTALL_PROGRAM='${INSTALL}'
INSTALL_SCRIPT='${INSTALL}'
INSTALL_STRIP_PROGRAM='$(install_sh) -c -s'
INTLLIBS=''
INTL_MACOSX_LIBS=''
INTTYPES_H=''
LDFLAGS=''
LIBICONV=''
LIBINTL=''
LIBOBJS=''
LIBS=''
LIBTAR_LIBDEPS=''
LIBTAR_LTLIBDEPS=''
LIB_CLOCK_GETTIME=''
LIB_SETSOCKOPT=''
LTLIBICONV=''
LTLIBINTL=''
LTLIBOBJS=''
MAKEINFO='${SHELL} /Users/robot24/darling-gnutar/gnutar/build-aux/missing --run makeinfo'
MSGFMT=''
MSGFMT_015=''
MSGMERGE=''
OBJEXT=''
PACKAGE='tar'
PACKAGE_BUGREPORT='bug-tar@gnu.org'
PACKAGE_NAME='GNU tar'
PACKAGE_STRING='GNU tar 1.17'
PACKAGE_TARNAME='tar'
PACKAGE_VERSION='1.17'
PATH_SEPARATOR=':'
POSUB=''
PRIPTR_PREFIX=''
PRI_MACROS_BROKEN=''
PTRDIFF_T_SUFFIX=''
PU_RMT_PROG=''
RANLIB=''
REPLACE_CHOWN=''
REPLACE_FCHDIR=''
REPLACE_FFLUSH=''
REPLACE_FPRINTF=''
REPLACE_FSEEK=''
REPLACE_FSEEKO=''
REPLACE_FTELL=''
REPLACE_FTELLO=''
REPLACE_GETCWD=''
REPLACE_GETTIMEOFDAY=''
REPLACE_LOCALTIME_R=''
REPLACE_LSEEK=''
REPLACE_MKSTEMP=''
REPLACE_NANOSLEEP=''
REPLACE_PRINTF=''
REPLACE_SNPRINTF=''
REPLACE_SPRINTF=''
REPLACE_STRPTIME=''
REPLACE_TIMEGM=''
REPLACE_VASPRINTF=''
REPLACE_VFPRINTF=''
REPLACE_VPRINTF=''
REPLACE_VSNPRINTF=''
REPLACE_VSPRINTF=''
SET_MAKE=''
SHELL='/bin/sh'
SIG_ATOMIC_T_SUFFIX=''
SIZE_T_SUFFIX=''
STDBOOL_H=''
STDINT_H=''
STRIP=''
SYSEXITS_H=''
SYS_STAT_H=''
SYS_TIME_H=''
SYS_TIME_H_DEFINES_STRUCT_TIMESPEC=''
TIME_H_DEFINES_STRUCT_TIMESPEC=''
USE_NLS=''
VERSION='1.17'
WCHAR_H=''
WCHAR_T_SUFFIX=''
WCTYPE_H=''
WINT_T_SUFFIX=''
XGETTEXT=''
XGETTEXT_015=''
YACC=''
YFLAGS=''
ac_ct_CC=''
am__fastdepCC_FALSE=''
am__fastdepCC_TRUE=''
am__include=''
am__isrc=''
am__leading_dot='.'
am__quote=''
am__tar='tar --format=ustar -chf - "$$tardir"'
am__untar='tar -xf -'
bindir='${exec_prefix}/bin'
build=''
build_alias=''
build_cpu=''
build_os=''
build_vendor=''
datadir='${datarootdir}'
datarootdir='${prefix}/share'
docdir='${datarootdir}/doc/${PACKAGE_TARNAME}'
dvidir='${docdir}'
exec_prefix='NONE'
gl_LIBOBJS=''
gl_LTLIBOBJS=''
host=''
host_alias=''
host_cpu=''
host_os=''
host_vendor=''
htmldir='${docdir}'
includedir='${prefix}/include'
infodir='${datarootdir}/info'
install_sh='$(SHELL) /Users/robot24/darling-gnutar/gnutar/build-aux/install-sh'
libdir='${exec_prefix}/lib'
libexecdir='${exec_prefix}/libexec'
localedir='${datarootdir}/locale'
localstatedir='${prefix}/var'
mandir='${datarootdir}/man'
mkdir_p='$(top_builddir)/build-aux/install-sh -c -d'
oldincludedir='/usr/include'
pdfdir='${docdir}'
prefix='NONE'
program_transform_name='s,x,x,'
psdir='${docdir}'
sbindir='${exec_prefix}/sbin'
sharedstatedir='${prefix}/com'
sysconfdir='${prefix}/etc'
target_alias=''

## ----------- ##
## confdefs.h. ##
## ----------- ##

#define PACKAGE_NAME "GNU tar"
#define PACKAGE_TARNAME "tar"
#define PACKAGE_VERSION "1.17"
#define PACKAGE_STRING "GNU tar 1.17"
#define PACKAGE_BUGREPORT "bug-tar@gnu.org"
#define PACKAGE "tar"
#define VERSION "1.17"

configure: exit 0
